<?xml version="1.0" encoding="UTF-8"?>
<!-- Generated by org.testng.reporters.JUnitXMLReporter -->
<testsuite hostname="SACHU-PC" ignored="0" name="Admin_LTE test chrome" tests="3" failures="0" timestamp="15 Sep 2019 13:56:59 GMT" time="165.473" errors="0">
  <testcase name="verifyLoginPageTitle" time="0.035" classname="com.myTests.LoginPageTest"/>
  <testcase name="verifyLoginPageHeader" time="0.072" classname="com.myTests.LoginPageTest"/>
  <testcase name="doLoginTest" time="21.274" classname="com.myTests.LoginPageTest"/>
</testsuite> <!-- Admin_LTE test chrome -->
